  Player.cpp
C:\Users\user\Desktop\김기태_DX_Portfolio\GITAE_Portfolio\DX_GITAE-main\DX_GITAE\Object\TanMak\Player.cpp(15,20): warning C4018: '<': signed 또는 unsigned가 일치하지 않습니다.
C:\Users\user\Desktop\김기태_DX_Portfolio\GITAE_Portfolio\DX_GITAE-main\DX_GITAE\Object\TanMak\Player.cpp(32,21): warning C4244: '+=': 'double'에서 'float'(으)로 변환하면서 데이터가 손실될 수 있습니다.
C:\Users\user\Desktop\김기태_DX_Portfolio\GITAE_Portfolio\DX_GITAE-main\DX_GITAE\Object\TanMak\Player.cpp(133,32): warning C4244: '+=': 'double'에서 'float'(으)로 변환하면서 데이터가 손실될 수 있습니다.
C:\Users\user\Desktop\김기태_DX_Portfolio\GITAE_Portfolio\DX_GITAE-main\DX_GITAE\Object\TanMak\Player.cpp(140,32): warning C4244: '-=': 'double'에서 'float'(으)로 변환하면서 데이터가 손실될 수 있습니다.
C:\Users\user\Desktop\김기태_DX_Portfolio\GITAE_Portfolio\DX_GITAE-main\DX_GITAE\Object\TanMak\Player.cpp(147,32): warning C4244: '-=': 'double'에서 'float'(으)로 변환하면서 데이터가 손실될 수 있습니다.
C:\Users\user\Desktop\김기태_DX_Portfolio\GITAE_Portfolio\DX_GITAE-main\DX_GITAE\Object\TanMak\Player.cpp(154,32): warning C4244: '+=': 'double'에서 'float'(으)로 변환하면서 데이터가 손실될 수 있습니다.
C:\Program Files (x86)\Microsoft Visual Studio\2019\Community\VC\Tools\MSVC\14.29.30133\include\xmemory(714,68): warning C4244: '인수': '_Ty'에서 'float'(으)로 변환하면서 데이터가 손실될 수 있습니다.
          with
          [
              _Ty=int
          ]
C:\Program Files (x86)\Microsoft Visual Studio\2019\Community\VC\Tools\MSVC\14.29.30133\include\vector(721): message : 컴파일되는 함수 템플릿 인스턴스화 'void std::_Default_allocator_traits<_Alloc>::construct<_Ty,float,int,float&,float&,std::shared_ptr<Texture>&>(_Alloc &,_Objty *const ,float &&,int &&,float &,float &,std::shared_ptr<Texture> &)'에 대한 참조를 확인하세요.
          with
          [
              _Alloc=std::allocator<Action::Clip>,
              _Ty=Action::Clip,
              _Objty=Action::Clip
          ]
C:\Program Files (x86)\Microsoft Visual Studio\2019\Community\VC\Tools\MSVC\14.29.30133\include\vector(726): message : 컴파일되는 함수 템플릿 인스턴스화 'void std::_Default_allocator_traits<_Alloc>::construct<_Ty,float,int,float&,float&,std::shared_ptr<Texture>&>(_Alloc &,_Objty *const ,float &&,int &&,float &,float &,std::shared_ptr<Texture> &)'에 대한 참조를 확인하세요.
          with
          [
              _Alloc=std::allocator<Action::Clip>,
              _Ty=Action::Clip,
              _Objty=Action::Clip
          ]
C:\Program Files (x86)\Microsoft Visual Studio\2019\Community\VC\Tools\MSVC\14.29.30133\include\vector(739): message : 컴파일되는 함수 템플릿 인스턴스화 'void std::vector<Action::Clip,std::allocator<Action::Clip>>::_Emplace_back_with_unused_capacity<_Ty,int,float&,float&,std::shared_ptr<Texture>&>(_Ty &&,int &&,float &,float &,std::shared_ptr<Texture> &)'에 대한 참조를 확인하세요.
          with
          [
              _Ty=float
          ]
C:\Users\user\Desktop\김기태_DX_Portfolio\GITAE_Portfolio\DX_GITAE-main\DX_GITAE\Object\TanMak\Player.cpp(81): message : 컴파일되는 함수 템플릿 인스턴스화 'void std::vector<Action::Clip,std::allocator<Action::Clip>>::emplace_back<float,int,float&,float&,std::shared_ptr<Texture>&>(float &&,int &&,float &,float &,std::shared_ptr<Texture> &)'에 대한 참조를 확인하세요.
C:\Users\user\Desktop\김기태_DX_Portfolio\GITAE_Portfolio\DX_GITAE-main\DX_GITAE\Framework\Camera\Camera.h(21): warning C4715: 'Camera::GetInstance': 모든 제어 경로에서 값을 반환하지는 않습니다.
  DX_GITAE.vcxproj -> C:\Users\user\Desktop\김기태_DX_Portfolio\GITAE_Portfolio\DX_GITAE-main\x64\Debug\DX_GITAE.exe
